<?xml version="1.0" encoding="UTF-8"?>
<!-- Generated by org.testng.reporters.JUnitReportReporter -->
<testsuite hostname="RAJ-LAPTOP" failures="0" tests="2" name="contactTests.CreateContactTest" time="35.276" errors="0" timestamp="2024-04-09T12:04:47 IST" skipped="0">
  <testcase classname="contactTests.CreateContactTest" name="createContactTest" time="17.560"/>
  <system-out>
    <![CDATA[Clicked on contacts link
Clicked on create new contact button
Contact created
Header captured]]>
  </system-out>
  <testcase classname="contactTests.CreateContactTest" name="createContactTest" time="17.716"/>
  <system-out>
    <![CDATA[Clicked on contacts link
Clicked on create new contact button
Contact created
Header captured]]>
  </system-out>
</testsuite> <!-- contactTests.CreateContactTest -->
