<?xml version="1.0" encoding="UTF-8"?>
<!-- Generated by org.testng.reporters.JUnitReportReporter -->
<testsuite hostname="RAJ-LAPTOP" failures="0" tests="2" name="organizationTests.CreateOrganizationTest" time="41.276" errors="0" timestamp="2024-04-09T12:04:47 IST" skipped="0">
  <testcase classname="organizationTests.CreateOrganizationTest" name="createOrganizationTest" time="20.791"/>
  <system-out/>
  <testcase classname="organizationTests.CreateOrganizationTest" name="createOrganizationTest" time="20.485"/>
  <system-out/>
</testsuite> <!-- organizationTests.CreateOrganizationTest -->
